# JRE version: Java(TM) SE Runtime Environment (9.0+11) (build 9.0.4+11)
# Java VM: Java HotSpot(TM) 64-Bit Server VM (9.0.4+11, mixed mode, tiered, compressed oops, g1 gc, windows-amd64)
Heap:
 garbage-first heap   total 63488K, used 25570K [0x00000000c2000000, 0x00000000c21001f0, 0x0000000100000000)
  region size 1024K, 14 young (14336K), 5 survivors (5120K)
 Metaspace       used 32528K, capacity 33796K, committed 34176K, reserved 1079296K
  class space    used 4086K, capacity 4354K, committed 4480K, reserved 1048576K
GC Heap History (8 events):
Event: 0.496 GC heap before
{Heap before GC invocations=0 (full 0):
 garbage-first heap   total 63488K, used 14336K [0x00000000c2000000, 0x00000000c21001f0, 0x0000000100000000)
  region size 1024K, 14 young (14336K), 0 survivors (0K)
 Metaspace       used 4538K, capacity 4638K, committed 4864K, reserved 1056768K
  class space    used 453K, capacity 462K, committed 512K, reserved 1048576K
}
Event: 0.499 GC heap after
{Heap after GC invocations=1 (full 0):
 garbage-first heap   total 63488K, used 2334K [0x00000000c2000000, 0x00000000c21001f0, 0x0000000100000000)
  region size 1024K, 2 young (2048K), 2 survivors (2048K)
 Metaspace       used 4538K, capacity 4638K, committed 4864K, reserved 1056768K
  class space    used 453K, capacity 462K, committed 512K, reserved 1048576K
}
Event: 1.647 GC heap before
{Heap before GC invocations=1 (full 0):
 garbage-first heap   total 63488K, used 38174K [0x00000000c2000000, 0x00000000c21001f0, 0x0000000100000000)
  region size 1024K, 37 young (37888K), 2 survivors (2048K)
 Metaspace       used 11405K, capacity 11898K, committed 12160K, reserved 1060864K
  class space    used 1259K, capacity 1341K, committed 1408K, reserved 1048576K
}
Event: 1.656 GC heap after
{Heap after GC invocations=2 (full 0):
 garbage-first heap   total 63488K, used 6190K [0x00000000c2000000, 0x00000000c21001f0, 0x0000000100000000)
  region size 1024K, 5 young (5120K), 5 survivors (5120K)
 Metaspace       used 11405K, capacity 11898K, committed 12160K, reserved 1060864K
  class space    used 1259K, capacity 1341K, committed 1408K, reserved 1048576K
}
Event: 3.157 GC heap before
{Heap before GC invocations=2 (full 0):
 garbage-first heap   total 63488K, used 29742K [0x00000000c2000000, 0x00000000c21001f0, 0x0000000100000000)
  region size 1024K, 27 young (27648K), 5 survivors (5120K)
 Metaspace       used 20076K, capacity 21202K, committed 21296K, reserved 1069056K
  class space    used 2424K, capacity 2667K, committed 2688K, reserved 1048576K
}
Event: 3.173 GC heap after
{Heap after GC invocations=3 (full 0):
 garbage-first heap   total 63488K, used 11244K [0x00000000c2000000, 0x00000000c21001f0, 0x0000000100000000)
  region size 1024K, 4 young (4096K), 4 survivors (4096K)
 Metaspace       used 20076K, capacity 21202K, committed 21296K, reserved 1069056K
  class space    used 2424K, capacity 2667K, committed 2688K, reserved 1048576K
}
Event: 5.289 GC heap before
{Heap before GC invocations=4 (full 0):
 garbage-first heap   total 63488K, used 45036K [0x00000000c2000000, 0x00000000c21001f0, 0x0000000100000000)
  region size 1024K, 37 young (37888K), 4 survivors (4096K)
 Metaspace       used 30309K, capacity 31570K, committed 31872K, reserved 1077248K
  class space    used 3831K, capacity 4125K, committed 4224K, reserved 1048576K
}
Event: 5.306 GC heap after
{Heap after GC invocations=5 (full 0):
 garbage-first heap   total 63488K, used 17378K [0x00000000c2000000, 0x00000000c21001f0, 0x0000000100000000)
  region size 1024K, 5 young (5120K), 5 survivors (5120K)
 Metaspace       used 30309K, capacity 31570K, committed 31872K, reserved 1077248K
  class space    used 3831K, capacity 4125K, committed 4224K, reserved 1048576K
}

