# JRE version: Java(TM) SE Runtime Environment (9.0+11) (build 9.0.4+11)
# Java VM: Java HotSpot(TM) 64-Bit Server VM (9.0.4+11, mixed mode, tiered, compressed oops, g1 gc, windows-amd64)
Heap:
 garbage-first heap   total 63488K, used 30802K [0x00000000c2000000, 0x00000000c21001f0, 0x0000000100000000)
  region size 1024K, 25 young (25600K), 5 survivors (5120K)
 Metaspace       used 26719K, capacity 28024K, committed 28288K, reserved 1073152K
  class space    used 3338K, capacity 3604K, committed 3712K, reserved 1048576K
GC Heap History (6 events):
Event: 1.670 GC heap before
{Heap before GC invocations=0 (full 0):
 garbage-first heap   total 63488K, used 14336K [0x00000000c2000000, 0x00000000c21001f0, 0x0000000100000000)
  region size 1024K, 14 young (14336K), 0 survivors (0K)
 Metaspace       used 4548K, capacity 4638K, committed 4864K, reserved 1056768K
  class space    used 453K, capacity 462K, committed 512K, reserved 1048576K
}
Event: 1.676 GC heap after
{Heap after GC invocations=1 (full 0):
 garbage-first heap   total 63488K, used 2316K [0x00000000c2000000, 0x00000000c21001f0, 0x0000000100000000)
  region size 1024K, 2 young (2048K), 2 survivors (2048K)
 Metaspace       used 4548K, capacity 4638K, committed 4864K, reserved 1056768K
  class space    used 453K, capacity 462K, committed 512K, reserved 1048576K
}
Event: 7.245 GC heap before
{Heap before GC invocations=1 (full 0):
 garbage-first heap   total 63488K, used 38156K [0x00000000c2000000, 0x00000000c21001f0, 0x0000000100000000)
  region size 1024K, 37 young (37888K), 2 survivors (2048K)
 Metaspace       used 11437K, capacity 11898K, committed 12160K, reserved 1060864K
  class space    used 1257K, capacity 1341K, committed 1408K, reserved 1048576K
}
Event: 7.264 GC heap after
{Heap after GC invocations=2 (full 0):
 garbage-first heap   total 63488K, used 6185K [0x00000000c2000000, 0x00000000c21001f0, 0x0000000100000000)
  region size 1024K, 5 young (5120K), 5 survivors (5120K)
 Metaspace       used 11437K, capacity 11898K, committed 12160K, reserved 1060864K
  class space    used 1257K, capacity 1341K, committed 1408K, reserved 1048576K
}
Event: 12.391 GC heap before
{Heap before GC invocations=2 (full 0):
 garbage-first heap   total 63488K, used 28713K [0x00000000c2000000, 0x00000000c21001f0, 0x0000000100000000)
  region size 1024K, 26 young (26624K), 5 survivors (5120K)
 Metaspace       used 20022K, capacity 21170K, committed 21296K, reserved 1069056K
  class space    used 2408K, capacity 2635K, committed 2688K, reserved 1048576K
}
Event: 12.412 GC heap after
{Heap after GC invocations=3 (full 0):
 garbage-first heap   total 63488K, used 11346K [0x00000000c2000000, 0x00000000c21001f0, 0x0000000100000000)
  region size 1024K, 5 young (5120K), 5 survivors (5120K)
 Metaspace       used 20022K, capacity 21170K, committed 21296K, reserved 1069056K
  class space    used 2408K, capacity 2635K, committed 2688K, reserved 1048576K
}

